<?xml version="1.0" encoding="UTF-8"?>
<!-- Generated by org.testng.reporters.JUnitXMLReporter -->
<testsuite ignored="0" hostname="DESKTOP-IP80BGQ" failures="0" tests="3" name="Default test" time="15.912" errors="0" timestamp="2022-03-19T08:42:22 IST">
  <testcase classname="com.verbose.FBTest" name="FBTitleTest1" time="0.023"/>
  <testcase classname="com.verbose.FBTest" name="FBTitleTest2" time="0.011"/>
  <testcase classname="com.verbose.FBTest" name="FBTitleTest3" time="0.01"/>
</testsuite> <!-- Default test -->
