<?xml version="1.0" encoding="UTF-8"?>
<!-- Generated by org.testng.reporters.JUnitXMLReporter -->
<testsuite ignored="0" hostname="DESKTOP-IP80BGQ" failures="0" tests="15" name="Default test" time="192.779" errors="0" timestamp="2022-03-23T11:16:03 IST">
  <testcase classname="com.datadriven.test.ebayTest" name="ebayRegPageTest" time="0.499"/>
  <testcase classname="com.datadriven.test.ebayTest" name="ebayRegPageTest" time="0.468"/>
  <testcase classname="com.datadriven.test.ebayTest" name="ebayRegPageTest" time="0.508"/>
  <testcase classname="com.datadriven.test.ebayTest" name="ebayRegPageTest" time="0.474"/>
  <testcase classname="com.datadriven.test.ebayTest" name="ebayRegPageTest" time="0.456"/>
  <testcase classname="com.datadriven.test.ebayTest" name="ebayRegPageTest" time="0.477"/>
  <testcase classname="com.datadriven.test.ebayTest" name="ebayRegPageTest" time="0.478"/>
  <testcase classname="com.datadriven.test.ebayTest" name="ebayRegPageTest" time="0.496"/>
  <testcase classname="com.datadriven.test.ebayTest" name="ebayRegPageTest" time="0.466"/>
  <testcase classname="com.datadriven.test.ebayTest" name="ebayRegPageTest" time="0.428"/>
  <testcase classname="com.datadriven.test.ebayTest" name="ebayRegPageTest" time="0.465"/>
  <testcase classname="com.datadriven.test.ebayTest" name="ebayRegPageTest" time="0.489"/>
  <testcase classname="com.datadriven.test.ebayTest" name="ebayRegPageTest" time="0.462"/>
  <testcase classname="com.datadriven.test.ebayTest" name="ebayRegPageTest" time="0.466"/>
  <testcase classname="com.datadriven.test.ebayTest" name="ebayRegPageTest" time="0.44"/>
</testsuite> <!-- Default test -->
