<?xml version="1.0" encoding="UTF-8"?>
<!-- Generated by org.testng.reporters.JUnitXMLReporter -->
<testsuite ignored="0" hostname="DESKTOP-IP80BGQ" failures="2" tests="36" name="Different TestNg Feature  Test" time="55.844" errors="0" timestamp="2022-03-16T16:33:43 IST">
  <testcase classname="TestNgPractice.EbayTest" name="searchTest" time="6.524"/>
  <testcase classname="TestNgPractice.ExceptionTimeOutTest" name="test1" time="0.002"/>
  <testcase classname="TestNgPractice.GoogleTest" name="googleTitleTest" time="0.007"/>
  <testcase classname="TestNgPractice.GoogleTest" name="mailLinkTest" time="0.071"/>
  <testcase classname="TestNgPractice.GoogleTest" name="googleLogoTest" time="0.051"/>
  <testcase classname="TestNgPractice.GoogleTest" name="test1" time="0.001"/>
  <testcase classname="TestNgPractice.GoogleTest" name="test2" time="0.001"/>
  <testcase classname="TestNgPractice.GoogleTest" name="test3" time="0.001"/>
  <testcase classname="TestNgPractice.GoogleTitleTest" name="googleLogoTest" time="0.043"/>
  <testcase classname="TestNgPractice.GoogleTitleTest" name="googleTitleTest" time="0.011"/>
  <testcase classname="TestNgPractice.InvocationCountTest" name="sum" time="0.001"/>
  <testcase classname="TestNgPractice.InvocationCountTest" name="sum" time="0.002"/>
  <testcase classname="TestNgPractice.InvocationCountTest" name="sum" time="0.001"/>
  <testcase classname="TestNgPractice.InvocationCountTest" name="sum" time="0.003"/>
  <testcase classname="TestNgPractice.InvocationCountTest" name="sum" time="0.001"/>
  <testcase classname="TestNgPractice.InvocationCountTest" name="sum" time="0.001"/>
  <testcase classname="TestNgPractice.InvocationCountTest" name="sum" time="0.001"/>
  <testcase classname="TestNgPractice.InvocationCountTest" name="sum" time="0.002"/>
  <testcase classname="TestNgPractice.InvocationCountTest" name="sum" time="0.002"/>
  <testcase classname="TestNgPractice.InvocationCountTest" name="sum" time="0.001"/>
  <testcase classname="TestNgPractice.TestNgBasics" name="googleLogoTest" time="0.003"/>
  <testcase classname="TestNgPractice.TestNgBasics" name="googleTitleTest" time="0.001"/>
  <testcase classname="TestNgPractice.TestNgDependency" name="method1" time="0.001"/>
  <testcase classname="TestNgPractice.TestNgDependency" name="method2" time="0.002"/>
  <testcase classname="TestNgPractice.TestNgFeatures" name="loginTest" time="0.001">
    <failure type="java.lang.ArithmeticException" message="/ by zero">
      <![CDATA[java.lang.ArithmeticException: / by zero
at TestNgPractice.TestNgFeatures.loginTest(TestNgFeatures.java:12)
at java.base/java.util.ArrayList.forEach(ArrayList.java:1511)
... Removed 27 stack frames]]>
    </failure>
  </testcase> <!-- loginTest -->
  <testcase classname="TestNgPractice.TestNgFeatures" name="HomePageTest" time="0.0">
    <skipped/>
  </testcase> <!-- HomePageTest -->
  <testcase classname="TestNgPractice.TestNgFeatures" name="RegPageTest" time="0.0">
    <skipped/>
  </testcase> <!-- RegPageTest -->
  <testcase classname="TestNgPractice.TestNgFeatures" name="SearchPageTest" time="0.0">
    <skipped/>
  </testcase> <!-- SearchPageTest -->
  <testcase classname="TestNgPractice.TestNgGroup" name="method1Test" time="0.002"/>
  <testcase classname="TestNgPractice.TestNgGroup" name="method2Test" time="0.006"/>
  <testcase classname="TestNgPractice.TestNgGroup" name="method3Test" time="0.002"/>
  <testcase classname="TestNgPractice.TestNgGroup" name="method4Test" time="0.002"/>
  <testcase classname="TestNgPractice.YahooMailTest" name="composeMailTest" time="0.001"/>
  <testcase classname="TestNgPractice.YahooMailTest" name="deleteMailTest" time="0.002"/>
  <testcase classname="TestNgPractice.YahooMailTest" name="searchMailTest" time="0.001">
    <failure type="java.lang.ArithmeticException" message="/ by zero">
      <![CDATA[java.lang.ArithmeticException: / by zero
at TestNgPractice.YahooMailTest.searchMailTest(YahooMailTest.java:52)
at java.base/java.util.ArrayList.forEach(ArrayList.java:1511)
... Removed 27 stack frames]]>
    </failure>
  </testcase> <!-- searchMailTest -->
  <testcase classname="TestNgPractice.YahooMailTest" name="sentItemsMailList" time="0.001"/>
</testsuite> <!-- Different TestNg Feature  Test -->
