<?xml version="1.0" encoding="UTF-8"?>
<testng-results ignored="0" total="3" passed="3" failed="0" skipped="0">
  <reporter-output>
  </reporter-output>
  <suite started-at="2022-03-19T08:45:24 IST" name="FB Suite" finished-at="2022-03-19T08:45:40 IST" duration-ms="16235">
    <groups>
    </groups>
    <test started-at="2022-03-19T08:45:24 IST" name="FB Title Testing" finished-at="2022-03-19T08:45:40 IST" duration-ms="16235">
      <class name="com.verbose.FBTest">
        <test-method is-config="true" signature="setUp()[pri:0, instance:com.verbose.FBTest@4b29d1d2]" started-at="2022-03-19T08:45:24 IST" name="setUp" finished-at="2022-03-19T08:45:29 IST" duration-ms="5445" status="PASS">
          <reporter-output>
          </reporter-output>
        </test-method> <!-- setUp -->
        <test-method signature="FBTitleTest1()[pri:1, instance:com.verbose.FBTest@4b29d1d2]" started-at="2022-03-19T08:45:29 IST" name="FBTitleTest1" finished-at="2022-03-19T08:45:29 IST" duration-ms="22" status="PASS">
          <reporter-output>
          </reporter-output>
        </test-method> <!-- FBTitleTest1 -->
        <test-method is-config="true" signature="tearDown()[pri:0, instance:com.verbose.FBTest@4b29d1d2]" started-at="2022-03-19T08:45:29 IST" name="tearDown" finished-at="2022-03-19T08:45:30 IST" duration-ms="227" status="PASS">
          <reporter-output>
          </reporter-output>
        </test-method> <!-- tearDown -->
        <test-method is-config="true" signature="setUp()[pri:0, instance:com.verbose.FBTest@4b29d1d2]" started-at="2022-03-19T08:45:30 IST" name="setUp" finished-at="2022-03-19T08:45:34 IST" duration-ms="4756" status="PASS">
          <reporter-output>
          </reporter-output>
        </test-method> <!-- setUp -->
        <test-method signature="FBTitleTest2()[pri:2, instance:com.verbose.FBTest@4b29d1d2]" started-at="2022-03-19T08:45:34 IST" name="FBTitleTest2" finished-at="2022-03-19T08:45:34 IST" duration-ms="12" status="PASS">
          <reporter-output>
          </reporter-output>
        </test-method> <!-- FBTitleTest2 -->
        <test-method is-config="true" signature="tearDown()[pri:0, instance:com.verbose.FBTest@4b29d1d2]" started-at="2022-03-19T08:45:34 IST" name="tearDown" finished-at="2022-03-19T08:45:35 IST" duration-ms="193" status="PASS">
          <reporter-output>
          </reporter-output>
        </test-method> <!-- tearDown -->
        <test-method is-config="true" signature="setUp()[pri:0, instance:com.verbose.FBTest@4b29d1d2]" started-at="2022-03-19T08:45:35 IST" name="setUp" finished-at="2022-03-19T08:45:40 IST" duration-ms="5322" status="PASS">
          <reporter-output>
          </reporter-output>
        </test-method> <!-- setUp -->
        <test-method signature="FBTitleTest3()[pri:3, instance:com.verbose.FBTest@4b29d1d2]" started-at="2022-03-19T08:45:40 IST" name="FBTitleTest3" finished-at="2022-03-19T08:45:40 IST" duration-ms="9" status="PASS">
          <reporter-output>
          </reporter-output>
        </test-method> <!-- FBTitleTest3 -->
        <test-method is-config="true" signature="tearDown()[pri:0, instance:com.verbose.FBTest@4b29d1d2]" started-at="2022-03-19T08:45:40 IST" name="tearDown" finished-at="2022-03-19T08:45:40 IST" duration-ms="199" status="PASS">
          <reporter-output>
          </reporter-output>
        </test-method> <!-- tearDown -->
      </class> <!-- com.verbose.FBTest -->
    </test> <!-- FB Title Testing -->
  </suite> <!-- FB Suite -->
</testng-results>
