<?xml version="1.0" encoding="UTF-8"?>
<testng-results ignored="0" total="15" passed="15" failed="0" skipped="0">
  <reporter-output>
  </reporter-output>
  <suite started-at="2022-03-23T11:12:50 IST" name="Default suite" finished-at="2022-03-23T11:16:03 IST" duration-ms="192779">
    <groups>
    </groups>
    <test started-at="2022-03-23T11:12:50 IST" name="Default test" finished-at="2022-03-23T11:16:03 IST" duration-ms="192779">
      <class name="com.datadriven.test.ebayTest">
        <test-method is-config="true" signature="setup()[pri:0, instance:com.datadriven.test.ebayTest@606e4010]" started-at="2022-03-23T11:12:51 IST" name="setup" finished-at="2022-03-23T11:13:03 IST" duration-ms="12313" status="PASS">
          <reporter-output>
          </reporter-output>
        </test-method> <!-- setup -->
        <test-method signature="ebayRegPageTest(java.lang.String,java.lang.String,java.lang.String)[pri:0, instance:com.datadriven.test.ebayTest@606e4010]" started-at="2022-03-23T11:13:03 IST" name="ebayRegPageTest" data-provider="getTestData" finished-at="2022-03-23T11:13:04 IST" duration-ms="499" status="PASS">
          <params>
            <param index="0">
              <value>
                <![CDATA[Kumar]]>
              </value>
            </param>
            <param index="1">
              <value>
                <![CDATA[Samrat]]>
              </value>
            </param>
            <param index="2">
              <value>
                <![CDATA[kumarsamrat@yahoo.com]]>
              </value>
            </param>
          </params>
          <reporter-output>
          </reporter-output>
        </test-method> <!-- ebayRegPageTest -->
        <test-method is-config="true" signature="tearDown()[pri:0, instance:com.datadriven.test.ebayTest@606e4010]" started-at="2022-03-23T11:13:04 IST" name="tearDown" finished-at="2022-03-23T11:13:04 IST" duration-ms="386" status="PASS">
          <reporter-output>
          </reporter-output>
        </test-method> <!-- tearDown -->
        <test-method is-config="true" signature="setup()[pri:0, instance:com.datadriven.test.ebayTest@606e4010]" started-at="2022-03-23T11:13:04 IST" name="setup" finished-at="2022-03-23T11:13:17 IST" duration-ms="12524" status="PASS">
          <reporter-output>
          </reporter-output>
        </test-method> <!-- setup -->
        <test-method signature="ebayRegPageTest(java.lang.String,java.lang.String,java.lang.String)[pri:0, instance:com.datadriven.test.ebayTest@606e4010]" started-at="2022-03-23T11:13:17 IST" name="ebayRegPageTest" data-provider="getTestData" finished-at="2022-03-23T11:13:17 IST" duration-ms="468" status="PASS">
          <params>
            <param index="0">
              <value>
                <![CDATA[Anil]]>
              </value>
            </param>
            <param index="1">
              <value>
                <![CDATA[Reddy]]>
              </value>
            </param>
            <param index="2">
              <value>
                <![CDATA[anilreddy55@gmail.com]]>
              </value>
            </param>
          </params>
          <reporter-output>
          </reporter-output>
        </test-method> <!-- ebayRegPageTest -->
        <test-method is-config="true" signature="tearDown()[pri:0, instance:com.datadriven.test.ebayTest@606e4010]" started-at="2022-03-23T11:13:17 IST" name="tearDown" finished-at="2022-03-23T11:13:18 IST" duration-ms="359" status="PASS">
          <reporter-output>
          </reporter-output>
        </test-method> <!-- tearDown -->
        <test-method is-config="true" signature="setup()[pri:0, instance:com.datadriven.test.ebayTest@606e4010]" started-at="2022-03-23T11:13:18 IST" name="setup" finished-at="2022-03-23T11:13:29 IST" duration-ms="11547" status="PASS">
          <reporter-output>
          </reporter-output>
        </test-method> <!-- setup -->
        <test-method signature="ebayRegPageTest(java.lang.String,java.lang.String,java.lang.String)[pri:0, instance:com.datadriven.test.ebayTest@606e4010]" started-at="2022-03-23T11:13:29 IST" name="ebayRegPageTest" data-provider="getTestData" finished-at="2022-03-23T11:13:30 IST" duration-ms="508" status="PASS">
          <params>
            <param index="0">
              <value>
                <![CDATA[Praveen]]>
              </value>
            </param>
            <param index="1">
              <value>
                <![CDATA[Chowdary]]>
              </value>
            </param>
            <param index="2">
              <value>
                <![CDATA[praveenhappy@outlook.com]]>
              </value>
            </param>
          </params>
          <reporter-output>
          </reporter-output>
        </test-method> <!-- ebayRegPageTest -->
        <test-method is-config="true" signature="tearDown()[pri:0, instance:com.datadriven.test.ebayTest@606e4010]" started-at="2022-03-23T11:13:30 IST" name="tearDown" finished-at="2022-03-23T11:13:30 IST" duration-ms="316" status="PASS">
          <reporter-output>
          </reporter-output>
        </test-method> <!-- tearDown -->
        <test-method is-config="true" signature="setup()[pri:0, instance:com.datadriven.test.ebayTest@606e4010]" started-at="2022-03-23T11:13:30 IST" name="setup" finished-at="2022-03-23T11:13:42 IST" duration-ms="11642" status="PASS">
          <reporter-output>
          </reporter-output>
        </test-method> <!-- setup -->
        <test-method signature="ebayRegPageTest(java.lang.String,java.lang.String,java.lang.String)[pri:0, instance:com.datadriven.test.ebayTest@606e4010]" started-at="2022-03-23T11:13:42 IST" name="ebayRegPageTest" data-provider="getTestData" finished-at="2022-03-23T11:13:42 IST" duration-ms="474" status="PASS">
          <params>
            <param index="0">
              <value>
                <![CDATA[Shreyas]]>
              </value>
            </param>
            <param index="1">
              <value>
                <![CDATA[Iyer]]>
              </value>
            </param>
            <param index="2">
              <value>
                <![CDATA[shreyasindia@gmail.com]]>
              </value>
            </param>
          </params>
          <reporter-output>
          </reporter-output>
        </test-method> <!-- ebayRegPageTest -->
        <test-method is-config="true" signature="tearDown()[pri:0, instance:com.datadriven.test.ebayTest@606e4010]" started-at="2022-03-23T11:13:42 IST" name="tearDown" finished-at="2022-03-23T11:13:42 IST" duration-ms="378" status="PASS">
          <reporter-output>
          </reporter-output>
        </test-method> <!-- tearDown -->
        <test-method is-config="true" signature="setup()[pri:0, instance:com.datadriven.test.ebayTest@606e4010]" started-at="2022-03-23T11:13:42 IST" name="setup" finished-at="2022-03-23T11:13:55 IST" duration-ms="12657" status="PASS">
          <reporter-output>
          </reporter-output>
        </test-method> <!-- setup -->
        <test-method signature="ebayRegPageTest(java.lang.String,java.lang.String,java.lang.String)[pri:0, instance:com.datadriven.test.ebayTest@606e4010]" started-at="2022-03-23T11:13:55 IST" name="ebayRegPageTest" data-provider="getTestData" finished-at="2022-03-23T11:13:56 IST" duration-ms="456" status="PASS">
          <params>
            <param index="0">
              <value>
                <![CDATA[Ramu]]>
              </value>
            </param>
            <param index="1">
              <value>
                <![CDATA[Peddi]]>
              </value>
            </param>
            <param index="2">
              <value>
                <![CDATA[rambabu@gmail.com]]>
              </value>
            </param>
          </params>
          <reporter-output>
          </reporter-output>
        </test-method> <!-- ebayRegPageTest -->
        <test-method is-config="true" signature="tearDown()[pri:0, instance:com.datadriven.test.ebayTest@606e4010]" started-at="2022-03-23T11:13:56 IST" name="tearDown" finished-at="2022-03-23T11:13:56 IST" duration-ms="303" status="PASS">
          <reporter-output>
          </reporter-output>
        </test-method> <!-- tearDown -->
        <test-method is-config="true" signature="setup()[pri:0, instance:com.datadriven.test.ebayTest@606e4010]" started-at="2022-03-23T11:13:56 IST" name="setup" finished-at="2022-03-23T11:14:07 IST" duration-ms="11551" status="PASS">
          <reporter-output>
          </reporter-output>
        </test-method> <!-- setup -->
        <test-method signature="ebayRegPageTest(java.lang.String,java.lang.String,java.lang.String)[pri:0, instance:com.datadriven.test.ebayTest@606e4010]" started-at="2022-03-23T11:14:07 IST" name="ebayRegPageTest" data-provider="getTestData" finished-at="2022-03-23T11:14:08 IST" duration-ms="477" status="PASS">
          <params>
            <param index="0">
              <value>
                <![CDATA[Kumar]]>
              </value>
            </param>
            <param index="1">
              <value>
                <![CDATA[Samrat]]>
              </value>
            </param>
            <param index="2">
              <value>
                <![CDATA[kumarsamrat@yahoo.com]]>
              </value>
            </param>
          </params>
          <reporter-output>
          </reporter-output>
        </test-method> <!-- ebayRegPageTest -->
        <test-method is-config="true" signature="tearDown()[pri:0, instance:com.datadriven.test.ebayTest@606e4010]" started-at="2022-03-23T11:14:08 IST" name="tearDown" finished-at="2022-03-23T11:14:08 IST" duration-ms="313" status="PASS">
          <reporter-output>
          </reporter-output>
        </test-method> <!-- tearDown -->
        <test-method is-config="true" signature="setup()[pri:0, instance:com.datadriven.test.ebayTest@606e4010]" started-at="2022-03-23T11:14:08 IST" name="setup" finished-at="2022-03-23T11:14:20 IST" duration-ms="11455" status="PASS">
          <reporter-output>
          </reporter-output>
        </test-method> <!-- setup -->
        <test-method signature="ebayRegPageTest(java.lang.String,java.lang.String,java.lang.String)[pri:0, instance:com.datadriven.test.ebayTest@606e4010]" started-at="2022-03-23T11:14:20 IST" name="ebayRegPageTest" data-provider="getTestData" finished-at="2022-03-23T11:14:20 IST" duration-ms="478" status="PASS">
          <params>
            <param index="0">
              <value>
                <![CDATA[Anil]]>
              </value>
            </param>
            <param index="1">
              <value>
                <![CDATA[Reddy]]>
              </value>
            </param>
            <param index="2">
              <value>
                <![CDATA[anilreddy55@gmail.com]]>
              </value>
            </param>
          </params>
          <reporter-output>
          </reporter-output>
        </test-method> <!-- ebayRegPageTest -->
        <test-method is-config="true" signature="tearDown()[pri:0, instance:com.datadriven.test.ebayTest@606e4010]" started-at="2022-03-23T11:14:20 IST" name="tearDown" finished-at="2022-03-23T11:14:20 IST" duration-ms="300" status="PASS">
          <reporter-output>
          </reporter-output>
        </test-method> <!-- tearDown -->
        <test-method is-config="true" signature="setup()[pri:0, instance:com.datadriven.test.ebayTest@606e4010]" started-at="2022-03-23T11:14:20 IST" name="setup" finished-at="2022-03-23T11:14:32 IST" duration-ms="11396" status="PASS">
          <reporter-output>
          </reporter-output>
        </test-method> <!-- setup -->
        <test-method signature="ebayRegPageTest(java.lang.String,java.lang.String,java.lang.String)[pri:0, instance:com.datadriven.test.ebayTest@606e4010]" started-at="2022-03-23T11:14:32 IST" name="ebayRegPageTest" data-provider="getTestData" finished-at="2022-03-23T11:14:32 IST" duration-ms="496" status="PASS">
          <params>
            <param index="0">
              <value>
                <![CDATA[Praveen]]>
              </value>
            </param>
            <param index="1">
              <value>
                <![CDATA[Chowdary]]>
              </value>
            </param>
            <param index="2">
              <value>
                <![CDATA[praveenhappy@outlook.com]]>
              </value>
            </param>
          </params>
          <reporter-output>
          </reporter-output>
        </test-method> <!-- ebayRegPageTest -->
        <test-method is-config="true" signature="tearDown()[pri:0, instance:com.datadriven.test.ebayTest@606e4010]" started-at="2022-03-23T11:14:32 IST" name="tearDown" finished-at="2022-03-23T11:14:33 IST" duration-ms="364" status="PASS">
          <reporter-output>
          </reporter-output>
        </test-method> <!-- tearDown -->
        <test-method is-config="true" signature="setup()[pri:0, instance:com.datadriven.test.ebayTest@606e4010]" started-at="2022-03-23T11:14:33 IST" name="setup" finished-at="2022-03-23T11:14:47 IST" duration-ms="14564" status="PASS">
          <reporter-output>
          </reporter-output>
        </test-method> <!-- setup -->
        <test-method signature="ebayRegPageTest(java.lang.String,java.lang.String,java.lang.String)[pri:0, instance:com.datadriven.test.ebayTest@606e4010]" started-at="2022-03-23T11:14:47 IST" name="ebayRegPageTest" data-provider="getTestData" finished-at="2022-03-23T11:14:48 IST" duration-ms="466" status="PASS">
          <params>
            <param index="0">
              <value>
                <![CDATA[Shreyas]]>
              </value>
            </param>
            <param index="1">
              <value>
                <![CDATA[Iyer]]>
              </value>
            </param>
            <param index="2">
              <value>
                <![CDATA[shreyasindia@gmail.com]]>
              </value>
            </param>
          </params>
          <reporter-output>
          </reporter-output>
        </test-method> <!-- ebayRegPageTest -->
        <test-method is-config="true" signature="tearDown()[pri:0, instance:com.datadriven.test.ebayTest@606e4010]" started-at="2022-03-23T11:14:48 IST" name="tearDown" finished-at="2022-03-23T11:14:48 IST" duration-ms="335" status="PASS">
          <reporter-output>
          </reporter-output>
        </test-method> <!-- tearDown -->
        <test-method is-config="true" signature="setup()[pri:0, instance:com.datadriven.test.ebayTest@606e4010]" started-at="2022-03-23T11:14:48 IST" name="setup" finished-at="2022-03-23T11:15:01 IST" duration-ms="12540" status="PASS">
          <reporter-output>
          </reporter-output>
        </test-method> <!-- setup -->
        <test-method signature="ebayRegPageTest(java.lang.String,java.lang.String,java.lang.String)[pri:0, instance:com.datadriven.test.ebayTest@606e4010]" started-at="2022-03-23T11:15:01 IST" name="ebayRegPageTest" data-provider="getTestData" finished-at="2022-03-23T11:15:01 IST" duration-ms="428" status="PASS">
          <params>
            <param index="0">
              <value>
                <![CDATA[Ramu]]>
              </value>
            </param>
            <param index="1">
              <value>
                <![CDATA[Peddi]]>
              </value>
            </param>
            <param index="2">
              <value>
                <![CDATA[rambabu@gmail.com]]>
              </value>
            </param>
          </params>
          <reporter-output>
          </reporter-output>
        </test-method> <!-- ebayRegPageTest -->
        <test-method is-config="true" signature="tearDown()[pri:0, instance:com.datadriven.test.ebayTest@606e4010]" started-at="2022-03-23T11:15:01 IST" name="tearDown" finished-at="2022-03-23T11:15:01 IST" duration-ms="344" status="PASS">
          <reporter-output>
          </reporter-output>
        </test-method> <!-- tearDown -->
        <test-method is-config="true" signature="setup()[pri:0, instance:com.datadriven.test.ebayTest@606e4010]" started-at="2022-03-23T11:15:01 IST" name="setup" finished-at="2022-03-23T11:15:13 IST" duration-ms="11614" status="PASS">
          <reporter-output>
          </reporter-output>
        </test-method> <!-- setup -->
        <test-method signature="ebayRegPageTest(java.lang.String,java.lang.String,java.lang.String)[pri:0, instance:com.datadriven.test.ebayTest@606e4010]" started-at="2022-03-23T11:15:13 IST" name="ebayRegPageTest" data-provider="getTestData" finished-at="2022-03-23T11:15:13 IST" duration-ms="465" status="PASS">
          <params>
            <param index="0">
              <value>
                <![CDATA[Kumar]]>
              </value>
            </param>
            <param index="1">
              <value>
                <![CDATA[Samrat]]>
              </value>
            </param>
            <param index="2">
              <value>
                <![CDATA[kumarsamrat@yahoo.com]]>
              </value>
            </param>
          </params>
          <reporter-output>
          </reporter-output>
        </test-method> <!-- ebayRegPageTest -->
        <test-method is-config="true" signature="tearDown()[pri:0, instance:com.datadriven.test.ebayTest@606e4010]" started-at="2022-03-23T11:15:13 IST" name="tearDown" finished-at="2022-03-23T11:15:14 IST" duration-ms="267" status="PASS">
          <reporter-output>
          </reporter-output>
        </test-method> <!-- tearDown -->
        <test-method is-config="true" signature="setup()[pri:0, instance:com.datadriven.test.ebayTest@606e4010]" started-at="2022-03-23T11:15:14 IST" name="setup" finished-at="2022-03-23T11:15:25 IST" duration-ms="11614" status="PASS">
          <reporter-output>
          </reporter-output>
        </test-method> <!-- setup -->
        <test-method signature="ebayRegPageTest(java.lang.String,java.lang.String,java.lang.String)[pri:0, instance:com.datadriven.test.ebayTest@606e4010]" started-at="2022-03-23T11:15:25 IST" name="ebayRegPageTest" data-provider="getTestData" finished-at="2022-03-23T11:15:26 IST" duration-ms="489" status="PASS">
          <params>
            <param index="0">
              <value>
                <![CDATA[Anil]]>
              </value>
            </param>
            <param index="1">
              <value>
                <![CDATA[Reddy]]>
              </value>
            </param>
            <param index="2">
              <value>
                <![CDATA[anilreddy55@gmail.com]]>
              </value>
            </param>
          </params>
          <reporter-output>
          </reporter-output>
        </test-method> <!-- ebayRegPageTest -->
        <test-method is-config="true" signature="tearDown()[pri:0, instance:com.datadriven.test.ebayTest@606e4010]" started-at="2022-03-23T11:15:26 IST" name="tearDown" finished-at="2022-03-23T11:15:26 IST" duration-ms="353" status="PASS">
          <reporter-output>
          </reporter-output>
        </test-method> <!-- tearDown -->
        <test-method is-config="true" signature="setup()[pri:0, instance:com.datadriven.test.ebayTest@606e4010]" started-at="2022-03-23T11:15:26 IST" name="setup" finished-at="2022-03-23T11:15:38 IST" duration-ms="11405" status="PASS">
          <reporter-output>
          </reporter-output>
        </test-method> <!-- setup -->
        <test-method signature="ebayRegPageTest(java.lang.String,java.lang.String,java.lang.String)[pri:0, instance:com.datadriven.test.ebayTest@606e4010]" started-at="2022-03-23T11:15:38 IST" name="ebayRegPageTest" data-provider="getTestData" finished-at="2022-03-23T11:15:38 IST" duration-ms="462" status="PASS">
          <params>
            <param index="0">
              <value>
                <![CDATA[Praveen]]>
              </value>
            </param>
            <param index="1">
              <value>
                <![CDATA[Chowdary]]>
              </value>
            </param>
            <param index="2">
              <value>
                <![CDATA[praveenhappy@outlook.com]]>
              </value>
            </param>
          </params>
          <reporter-output>
          </reporter-output>
        </test-method> <!-- ebayRegPageTest -->
        <test-method is-config="true" signature="tearDown()[pri:0, instance:com.datadriven.test.ebayTest@606e4010]" started-at="2022-03-23T11:15:38 IST" name="tearDown" finished-at="2022-03-23T11:15:38 IST" duration-ms="371" status="PASS">
          <reporter-output>
          </reporter-output>
        </test-method> <!-- tearDown -->
        <test-method is-config="true" signature="setup()[pri:0, instance:com.datadriven.test.ebayTest@606e4010]" started-at="2022-03-23T11:15:38 IST" name="setup" finished-at="2022-03-23T11:15:50 IST" duration-ms="11391" status="PASS">
          <reporter-output>
          </reporter-output>
        </test-method> <!-- setup -->
        <test-method signature="ebayRegPageTest(java.lang.String,java.lang.String,java.lang.String)[pri:0, instance:com.datadriven.test.ebayTest@606e4010]" started-at="2022-03-23T11:15:50 IST" name="ebayRegPageTest" data-provider="getTestData" finished-at="2022-03-23T11:15:50 IST" duration-ms="466" status="PASS">
          <params>
            <param index="0">
              <value>
                <![CDATA[Shreyas]]>
              </value>
            </param>
            <param index="1">
              <value>
                <![CDATA[Iyer]]>
              </value>
            </param>
            <param index="2">
              <value>
                <![CDATA[shreyasindia@gmail.com]]>
              </value>
            </param>
          </params>
          <reporter-output>
          </reporter-output>
        </test-method> <!-- ebayRegPageTest -->
        <test-method is-config="true" signature="tearDown()[pri:0, instance:com.datadriven.test.ebayTest@606e4010]" started-at="2022-03-23T11:15:50 IST" name="tearDown" finished-at="2022-03-23T11:15:51 IST" duration-ms="340" status="PASS">
          <reporter-output>
          </reporter-output>
        </test-method> <!-- tearDown -->
        <test-method is-config="true" signature="setup()[pri:0, instance:com.datadriven.test.ebayTest@606e4010]" started-at="2022-03-23T11:15:51 IST" name="setup" finished-at="2022-03-23T11:16:02 IST" duration-ms="11584" status="PASS">
          <reporter-output>
          </reporter-output>
        </test-method> <!-- setup -->
        <test-method signature="ebayRegPageTest(java.lang.String,java.lang.String,java.lang.String)[pri:0, instance:com.datadriven.test.ebayTest@606e4010]" started-at="2022-03-23T11:16:02 IST" name="ebayRegPageTest" data-provider="getTestData" finished-at="2022-03-23T11:16:03 IST" duration-ms="440" status="PASS">
          <params>
            <param index="0">
              <value>
                <![CDATA[Ramu]]>
              </value>
            </param>
            <param index="1">
              <value>
                <![CDATA[Peddi]]>
              </value>
            </param>
            <param index="2">
              <value>
                <![CDATA[rambabu@gmail.com]]>
              </value>
            </param>
          </params>
          <reporter-output>
          </reporter-output>
        </test-method> <!-- ebayRegPageTest -->
        <test-method is-config="true" signature="tearDown()[pri:0, instance:com.datadriven.test.ebayTest@606e4010]" started-at="2022-03-23T11:16:03 IST" name="tearDown" finished-at="2022-03-23T11:16:03 IST" duration-ms="321" status="PASS">
          <reporter-output>
          </reporter-output>
        </test-method> <!-- tearDown -->
      </class> <!-- com.datadriven.test.ebayTest -->
    </test> <!-- Default test -->
  </suite> <!-- Default suite -->
</testng-results>
