<?xml version="1.0" encoding="UTF-8"?>
<!-- Generated by org.testng.reporters.JUnitXMLReporter -->
<testsuite ignored="0" hostname="DESKTOP-IP80BGQ" failures="0" tests="3" name="FB Title Testing" time="16.235" errors="0" timestamp="2022-03-19T08:45:40 IST">
  <testcase classname="com.verbose.FBTest" name="FBTitleTest1" time="0.022"/>
  <testcase classname="com.verbose.FBTest" name="FBTitleTest2" time="0.012"/>
  <testcase classname="com.verbose.FBTest" name="FBTitleTest3" time="0.009"/>
</testsuite> <!-- FB Title Testing -->
